
Showing logs for build [32mrajattyagipvr-node-http-master-6bnms-1[0m stage [32mfrom-build-pack[0m and container [32mstep-credential-initializer-qmgmq[0m
{"level":"warn","ts":1597410121.7323706,"logger":"fallback-logger","caller":"logging/config.go:69","msg":"Fetch GitHub commit ID from kodata failed: \"ref: refs/heads/0.8.0-**-support-backwards-incompats\" is not a valid GitHub commit ID"}
{"level":"info","ts":1597410121.7327733,"logger":"fallback-logger","caller":"creds-init/main.go:40","msg":"Credentials initialized."}

Showing logs for build [32mrajattyagipvr-node-http-master-6bnms-1[0m stage [32mfrom-build-pack[0m and container [32mstep-working-dir-initializer-wk86j[0m
{"level":"warn","ts":1597410122.6947,"logger":"fallback-logger","caller":"logging/config.go:69","msg":"Fetch GitHub commit ID from kodata failed: open /var/run/ko/HEAD: no such file or directory"}
{"level":"info","ts":1597410122.6959417,"logger":"fallback-logger","caller":"bash/main.go:64","msg":"Successfully executed command \"sh -c mkdir -p /workspace/source\"; output "}

Showing logs for build [32mrajattyagipvr-node-http-master-6bnms-1[0m stage [32mfrom-build-pack[0m and container [32mstep-place-tools[0m

Showing logs for build [32mrajattyagipvr-node-http-master-6bnms-1[0m stage [32mfrom-build-pack[0m and container [32mstep-git-source-rajattyagipvr-node-http-master-6bnms-xj9q8[0m
{"level":"warn","ts":1597410148.775219,"logger":"fallback-logger","caller":"logging/config.go:69","msg":"Fetch GitHub commit ID from kodata failed: \"ref: refs/heads/0.8.0-**-support-backwards-incompats\" is not a valid GitHub commit ID"}
{"level":"info","ts":1597410150.870083,"logger":"fallback-logger","caller":"git/git.go:103","msg":"Successfully cloned https://github.com/*************/node-http.git @ v1.0.14 in path /workspace/source"}

Showing logs for build [32mrajattyagipvr-node-http-master-6bnms-1[0m stage [32mfrom-build-pack[0m and container [32mstep-git-merge[0m
Using SHAs from PULL_REFS=master:
WARNING: no SHAs to merge, falling back to initial cloned commit

Showing logs for build [32mrajattyagipvr-node-http-master-6bnms-1[0m stage [32mfrom-build-pack[0m and container [32mstep-setup-jx-git-credentials[0m
Cloning the Jenkins X versions repo https://github.com/*************/jenkins-x-versions.git with ref refs/heads/master to /home/.**/jenkins-x-versions
Generated Git credentials file /workspace/xdg_config/git/credentials

Showing logs for build [32mrajattyagipvr-node-http-master-6bnms-1[0m stage [32mfrom-build-pack[0m and container [32mstep-build-npmrc[0m
Command "credential" is deprecated, it will be removed on Jun 1 2020.  This is replaced by Tekton's mounted secrets
WARNING: failed to find Secret npm-token in namespace **

Showing logs for build [32mrajattyagipvr-node-http-master-6bnms-1[0m stage [32mfrom-build-pack[0m and container [32mstep-build-npm-install[0m
npm notice created a lockfile as package-lock.json. You should commit this file.
npm WARN REPLACE_ME@1.0.14 No repository field.
npm WARN REPLACE_ME@1.0.14 No license field.

up to date in 1.09s
found 0 vulnerabilities


Showing logs for build [32mrajattyagipvr-node-http-master-6bnms-1[0m stage [32mfrom-build-pack[0m and container [32mstep-build-npm-test[0m

> REPLACE_ME@1.0.14 test /workspace/source
> echo "no test specified" && exit 0

no test specified

Showing logs for build [32mrajattyagipvr-node-http-master-6bnms-1[0m stage [32mfrom-build-pack[0m and container [32mstep-build-container-build[0m
Generating tags...
 - 702769831180/node-http -> 702769831180.dkr.ecr.ap-south-1.amazonaws.com/702769831180/node-http:1.0.14
Checking cache...
 - 702769831180/node-http: Not found. Building
time="2020-08-14T13:02:46Z" level=fatal msg="build failed: build failed: building [702769831180/node-http]: build artifact: docker build: Cannot connect to the Docker daemon at unix:///var/run/docker.sock. Is the docker daemon running?"
Building [702769831180/node-http]...
[31m
Pipeline failed on stage 'from-build-pack' : container 'step-build-container-build'. The execution of the pipeline has stopped.[0m
